<?xml version="1.0" encoding="UTF-8"?>
<testng-results skipped="0" failed="0" ignored="0" total="1" passed="1">
  <reporter-output>
  </reporter-output>
  <suite name="Command line suite" duration-ms="178580" started-at="2021-06-25T20:56:41 IST" finished-at="2021-06-25T20:59:39 IST">
    <groups>
    </groups>
    <test name="Command line test" duration-ms="178580" started-at="2021-06-25T20:56:41 IST" finished-at="2021-06-25T20:59:39 IST">
      <class name="nft.TestExecutor.NFT_Engine">
        <test-method status="PASS" signature="beforeSuite()[pri:0, instance:nft.TestExecutor.NFT_Engine@36d585c]" name="beforeSuite" is-config="true" duration-ms="266" started-at="2021-06-25T20:56:40 IST" finished-at="2021-06-25T20:56:41 IST">
          <reporter-output>
          </reporter-output>
        </test-method> <!-- beforeSuite -->
        <test-method status="PASS" signature="beforeTest()[pri:0, instance:nft.TestExecutor.NFT_Engine@36d585c]" name="beforeTest" is-config="true" duration-ms="15" started-at="2021-06-25T20:56:41 IST" finished-at="2021-06-25T20:56:41 IST">
          <reporter-output>
          </reporter-output>
        </test-method> <!-- beforeTest -->
        <test-method status="PASS" signature="TestInitPrallel(int,java.lang.String)[pri:0, instance:nft.TestExecutor.NFT_Engine@36d585c]" name="TestInitPrallel" duration-ms="178509" started-at="2021-06-25T20:56:41 IST" data-provider="DataProvider" finished-at="2021-06-25T20:59:39 IST">
          <params>
            <param index="0">
              <value>
                <![CDATA[1]]>
              </value>
            </param>
            <param index="1">
              <value>
                <![CDATA[1]]>
              </value>
            </param>
          </params>
          <reporter-output>
          </reporter-output>
        </test-method> <!-- TestInitPrallel -->
        <test-method status="PASS" signature="afterMethod(org.testng.ITestResult)[pri:0, instance:nft.TestExecutor.NFT_Engine@36d585c]" name="afterMethod" is-config="true" duration-ms="1" started-at="2021-06-25T20:59:39 IST" finished-at="2021-06-25T20:59:39 IST">
          <params>
            <param index="0">
              <value>
                <![CDATA[[TestResult name=TestInitPrallel status=SUCCESS method=NFT_Engine.TestInitPrallel(int,java.lang.String)[pri:0, instance:nft.TestExecutor.NFT_Engine@36d585c] output={null}]]]>
              </value>
            </param>
          </params>
          <reporter-output>
          </reporter-output>
        </test-method> <!-- afterMethod -->
        <test-method status="PASS" signature="afterTest()[pri:0, instance:nft.TestExecutor.NFT_Engine@36d585c]" name="afterTest" is-config="true" duration-ms="9" started-at="2021-06-25T20:59:39 IST" finished-at="2021-06-25T20:59:39 IST">
          <reporter-output>
          </reporter-output>
        </test-method> <!-- afterTest -->
        <test-method status="PASS" signature="afterSuite()[pri:0, instance:nft.TestExecutor.NFT_Engine@36d585c]" name="afterSuite" is-config="true" duration-ms="45" started-at="2021-06-25T20:59:39 IST" finished-at="2021-06-25T20:59:39 IST">
          <reporter-output>
          </reporter-output>
        </test-method> <!-- afterSuite -->
      </class> <!-- nft.TestExecutor.NFT_Engine -->
    </test> <!-- Command line test -->
  </suite> <!-- Command line suite -->
</testng-results>
